# JRE version: Java(TM) SE Runtime Environment (24.0.1+9) (build 24.0.1+9-30)
# Java VM: Java HotSpot(TM) 64-Bit Server VM (24.0.1+9-30, mixed mode, emulated-client, sharing, tiered, compressed oops, compressed class ptrs, g1 gc, windows-amd64)
GC Precious Log:
 CardTable entry size: 512
 Card Set container configuration: InlinePtr #cards 4 size 8 Array Of Cards #cards 16 size 48 Howl #buckets 8 coarsen threshold 3686 Howl Bitmap #cards 512 size 80 coarsen threshold 460 Card regions per heap region 1 cards per card region 4096
 CPUs: 4 total, 4 available
 Memory: 12163M
 Large Page Support: Disabled
 NUMA Support: Disabled
 Compressed Oops: Enabled (Zero based)
 Heap Region Size: 2M
 Heap Min Capacity: 8M
 Heap Initial Capacity: 192M
 Heap Max Capacity: 3042M
 Pre-touch: Disabled
 Parallel Workers: 4
 Concurrent Workers: 1
 Concurrent Refinement Workers: 4
 Periodic GC: Disabled
Heap:
 garbage-first heap   total reserved 3115008K, committed 67584K, used 35393K [0x0000000741e00000, 0x0000000800000000)
  region size 2048K, 6 young (12288K), 2 survivors (4096K)
 Metaspace       used 66477K, committed 67072K, reserved 1114112K
  class space    used 7743K, committed 8000K, reserved 1048576K
GC Heap History (20 events):
Event: 8.773 GC heap before
{Heap before GC invocations=4 (full 0):
 garbage-first heap   total reserved 3115008K, committed 55296K, used 36252K [0x0000000741e00000, 0x0000000800000000)
  region size 2048K, 12 young (24576K), 2 survivors (4096K)
 Metaspace       used 27056K, committed 27392K, reserved 1114112K
  class space    used 3011K, committed 3136K, reserved 1048576K
}
Event: 8.792 GC heap after
{Heap after GC invocations=5 (full 0):
 garbage-first heap   total reserved 3115008K, committed 55296K, used 17351K [0x0000000741e00000, 0x0000000800000000)
  region size 2048K, 2 young (4096K), 2 survivors (4096K)
 Metaspace       used 27056K, committed 27392K, reserved 1114112K
  class space    used 3011K, committed 3136K, reserved 1048576K
}
Event: 9.849 GC heap before
{Heap before GC invocations=5 (full 0):
 garbage-first heap   total reserved 3115008K, committed 55296K, used 39879K [0x0000000741e00000, 0x0000000800000000)
  region size 2048K, 13 young (26624K), 2 survivors (4096K)
 Metaspace       used 30793K, committed 31232K, reserved 1114112K
  class space    used 3443K, committed 3648K, reserved 1048576K
}
Event: 9.868 GC heap after
{Heap after GC invocations=6 (full 0):
 garbage-first heap   total reserved 3115008K, committed 55296K, used 19123K [0x0000000741e00000, 0x0000000800000000)
  region size 2048K, 2 young (4096K), 2 survivors (4096K)
 Metaspace       used 30793K, committed 31232K, reserved 1114112K
  class space    used 3443K, committed 3648K, reserved 1048576K
}
Event: 10.785 GC heap before
{Heap before GC invocations=6 (full 0):
 garbage-first heap   total reserved 3115008K, committed 55296K, used 35507K [0x0000000741e00000, 0x0000000800000000)
  region size 2048K, 11 young (22528K), 2 survivors (4096K)
 Metaspace       used 35741K, committed 36160K, reserved 1114112K
  class space    used 3934K, committed 4096K, reserved 1048576K
}
Event: 10.793 GC heap after
{Heap after GC invocations=7 (full 0):
 garbage-first heap   total reserved 3115008K, committed 55296K, used 20907K [0x0000000741e00000, 0x0000000800000000)
  region size 2048K, 2 young (4096K), 2 survivors (4096K)
 Metaspace       used 35741K, committed 36160K, reserved 1114112K
  class space    used 3934K, committed 4096K, reserved 1048576K
}
Event: 13.336 GC heap before
{Heap before GC invocations=8 (full 0):
 garbage-first heap   total reserved 3115008K, committed 55296K, used 43435K [0x0000000741e00000, 0x0000000800000000)
  region size 2048K, 13 young (26624K), 2 survivors (4096K)
 Metaspace       used 41969K, committed 42432K, reserved 1114112K
  class space    used 4631K, committed 4800K, reserved 1048576K
}
Event: 13.344 GC heap after
{Heap after GC invocations=9 (full 0):
 garbage-first heap   total reserved 3115008K, committed 55296K, used 22160K [0x0000000741e00000, 0x0000000800000000)
  region size 2048K, 2 young (4096K), 2 survivors (4096K)
 Metaspace       used 41969K, committed 42432K, reserved 1114112K
  class space    used 4631K, committed 4800K, reserved 1048576K
}
Event: 14.754 GC heap before
{Heap before GC invocations=9 (full 0):
 garbage-first heap   total reserved 3115008K, committed 55296K, used 44688K [0x0000000741e00000, 0x0000000800000000)
  region size 2048K, 13 young (26624K), 2 survivors (4096K)
 Metaspace       used 49860K, committed 50304K, reserved 1114112K
  class space    used 5403K, committed 5568K, reserved 1048576K
}
Event: 14.763 GC heap after
{Heap after GC invocations=10 (full 0):
 garbage-first heap   total reserved 3115008K, committed 55296K, used 23950K [0x0000000741e00000, 0x0000000800000000)
  region size 2048K, 2 young (4096K), 2 survivors (4096K)
 Metaspace       used 49860K, committed 50304K, reserved 1114112K
  class space    used 5403K, committed 5568K, reserved 1048576K
}
Event: 16.206 GC heap before
{Heap before GC invocations=10 (full 0):
 garbage-first heap   total reserved 3115008K, committed 55296K, used 44430K [0x0000000741e00000, 0x0000000800000000)
  region size 2048K, 12 young (24576K), 2 survivors (4096K)
 Metaspace       used 55204K, committed 55808K, reserved 1114112K
  class space    used 6083K, committed 6336K, reserved 1048576K
}
Event: 16.218 GC heap after
{Heap after GC invocations=11 (full 0):
 garbage-first heap   total reserved 3115008K, committed 55296K, used 24824K [0x0000000741e00000, 0x0000000800000000)
  region size 2048K, 2 young (4096K), 2 survivors (4096K)
 Metaspace       used 55204K, committed 55808K, reserved 1114112K
  class space    used 6083K, committed 6336K, reserved 1048576K
}
Event: 16.755 GC heap before
{Heap before GC invocations=11 (full 0):
 garbage-first heap   total reserved 3115008K, committed 55296K, used 45304K [0x0000000741e00000, 0x0000000800000000)
  region size 2048K, 12 young (24576K), 2 survivors (4096K)
 Metaspace       used 57488K, committed 57984K, reserved 1114112K
  class space    used 6306K, committed 6528K, reserved 1048576K
}
Event: 16.761 GC heap after
{Heap after GC invocations=12 (full 0):
 garbage-first heap   total reserved 3115008K, committed 55296K, used 25919K [0x0000000741e00000, 0x0000000800000000)
  region size 2048K, 2 young (4096K), 2 survivors (4096K)
 Metaspace       used 57488K, committed 57984K, reserved 1114112K
  class space    used 6306K, committed 6528K, reserved 1048576K
}
Event: 17.289 GC heap before
{Heap before GC invocations=12 (full 0):
 garbage-first heap   total reserved 3115008K, committed 55296K, used 34111K [0x0000000741e00000, 0x0000000800000000)
  region size 2048K, 7 young (14336K), 2 survivors (4096K)
 Metaspace       used 60114K, committed 60608K, reserved 1114112K
  class space    used 6745K, committed 6976K, reserved 1048576K
}
Event: 17.296 GC heap after
{Heap after GC invocations=13 (full 0):
 garbage-first heap   total reserved 3115008K, committed 67584K, used 26907K [0x0000000741e00000, 0x0000000800000000)
  region size 2048K, 2 young (4096K), 2 survivors (4096K)
 Metaspace       used 60114K, committed 60608K, reserved 1114112K
  class space    used 6745K, committed 6976K, reserved 1048576K
}
Event: 18.639 GC heap before
{Heap before GC invocations=14 (full 0):
 garbage-first heap   total reserved 3115008K, committed 67584K, used 51483K [0x0000000741e00000, 0x0000000800000000)
  region size 2048K, 15 young (30720K), 2 survivors (4096K)
 Metaspace       used 63192K, committed 63744K, reserved 1114112K
  class space    used 7334K, committed 7552K, reserved 1048576K
}
Event: 18.647 GC heap after
{Heap after GC invocations=15 (full 0):
 garbage-first heap   total reserved 3115008K, committed 67584K, used 29042K [0x0000000741e00000, 0x0000000800000000)
  region size 2048K, 2 young (4096K), 2 survivors (4096K)
 Metaspace       used 63192K, committed 63744K, reserved 1114112K
  class space    used 7334K, committed 7552K, reserved 1048576K
}
Event: 25.242 GC heap before
{Heap before GC invocations=15 (full 0):
 garbage-first heap   total reserved 3115008K, committed 67584K, used 53618K [0x0000000741e00000, 0x0000000800000000)
  region size 2048K, 15 young (30720K), 2 survivors (4096K)
 Metaspace       used 66035K, committed 66688K, reserved 1114112K
  class space    used 7676K, committed 7936K, reserved 1048576K
}
Event: 25.255 GC heap after
{Heap after GC invocations=16 (full 0):
 garbage-first heap   total reserved 3115008K, committed 67584K, used 31297K [0x0000000741e00000, 0x0000000800000000)
  region size 2048K, 2 young (4096K), 2 survivors (4096K)
 Metaspace       used 66035K, committed 66688K, reserved 1114112K
  class space    used 7676K, committed 7936K, reserved 1048576K
}

